SEGGER J-Link GDB Server V6.40 LogFile
Logging started @ 2021-11-30 13:26
03-00000000-00-00000000-0099: Command line: -if swd -device Cortex-M0+ -endian little -speed 1000 -port 2331 -swoport 2332 -telnetport 2333 -vd -ir -localhostonly 1 -log jlink.log -s

03-00000000-00-00000001-01B1: -----GDB Server start settings-----
GDBInit file:                  none
GDB Server Listening port:     2331
SWO raw output listening port: 2332
Terminal I/O port:             2333
Accept remote connection:      localhost only
Generate logfile:              on
Verify download:               on
Init regs on start:            on
Silent mode:                   off
Single run mode:               on
Target connection timeout:     0 ms

03-00000000-00-00000003-014D: ------J-Link related settings------
J-Link Host interface:         USB
J-Link script:                 none
J-Link settings file:          none
------Target related settings------
Target device:                 Cortex-M0+
Target interface:              SWD
Target interface speed:        1000kHz
Target endian:                 little

03-00000000-00-00000004-0001: 

03-00000000-00-00000007-0018: Connecting to J-Link...

02-00000000-00-00000021-003D: Firmware: J-Link OB-SAM3U128 V3 compiled Feb  2 2021 16:48:08
02-00000000-00-00000021-000F: Hardware: V3.00
02-00000000-00-00000022-000E: S/N: 483056572
02-00000000-00-00000053-0032: TELNET listener socket opened on port 19021WEBSRV 
02-00000000-00-00000053-0029: Starting webserver (0045ms, 0045ms total)
02-00000000-00-00000053-0051: T136C 000:010 WEBSRV Webserver running on local port 19080 (0045ms, 0045ms total)
02-00000000-00-00000053-0033: T136C 000:010   returns O.K. (0045ms, 0045ms total)
03-00000000-00-00000053-0015: J-Link is connected.

02-00000000-00-00000089-00A0: T136C 000:059 JLINK_ExecCommand("device = Cortex-M0+", ...). XML file found at: C:\Program Files (x86)\SEGGER\JLink_V640\JLinkDevices.xml (0032ms, 0077ms total)
02-00000000-00-00000380-00A1: T136C 000:059 C:\Program Files (x86)\SEGGER\JLink_V640\JLinkDevices.xml evaluated successfully.Device "CORTEX-M0+" selected.  returns 0x00 (0323ms, 0368ms total)
02-00000000-00-00000380-0041: T136C 000:382 JLINK_GetFirmwareString(...) (0000ms, 0368ms total)
03-00000000-00-00000381-003E: Firmware: J-Link OB-SAM3U128 V3 compiled Feb  2 2021 16:48:08

02-00000000-00-00000381-004F: T136C 000:383 JLINK_GetHardwareVersion()  returns 0x7530 (0000ms, 0369ms total)
03-00000000-00-00000381-0010: Hardware: V3.00

03-00000000-00-00000381-000F: S/N: 483056572

02-00000000-00-00000381-0049: T136C 000:383 JLINK_GetHWStatus(...)  returns 0x00 (0000ms, 0369ms total)
02-00000000-00-00000381-003C: T136C 000:383 JLINK_EnableSoftBPs(ON) (0000ms, 0369ms total)
03-00000000-00-00000381-001B: Checking target voltage...

03-00000000-00-00000382-0017: Target voltage: 3.30 V

03-00000000-00-00000382-001E: Listening on TCP/IP port 2331

03-00000000-00-00000382-0017: Connecting to target...
02-00000000-00-00000382-0035: T136C 000:384 JLINK_ClrError() (0000ms, 0369ms total)
02-00000000-00-00000383-0049: T136C 000:384 JLINK_GetHWStatus(...)  returns 0x00 (0001ms, 0370ms total)
02-00000000-00-00000383-0055: T136C 000:385 JLINK_TIF_Select(JLINKARM_TIF_SWD)  returns 0x00 (0000ms, 0370ms total)
02-00000000-00-00000383-0039: T136C 000:385 JLINK_SetSpeed(1000) (0000ms, 0370ms total)
02-00000000-00-00000384-0044: T136C 000:386 JLINK_GetSpeed()  returns 0x3E8 (0000ms, 0371ms total)
02-00000000-00-00000384-0077: T136C 000:386 JLINK_SetResetType(JLINKARM_RESET_TYPE_NORMAL)  returns JLINKARM_RESET_TYPE_NORMAL (0000ms, 0371ms total)
02-00000000-00-00000384-003B: T136C 000:386 JLINK_SetResetDelay(0) (0000ms, 0371ms total)
02-00000000-00-00000384-0055: T136C 000:386 JLINK_SetEndian(ARM_ENDIAN_LITTLE)  returns 0x00 (0000ms, 0371ms total)
02-00000000-00-00000390-01FD: T136C 000:386 JLINK_Connect() >0x10B TIF>Found SW-DP with ID 0x0BC11477 >0x0D TIF> >0x28 TIF> >0x0D TIF> >0x28 TIF> >0x0D TIF> >0x28 TIF> >0x0D TIF> >0x28 TIF> >0x0D TIF> >0x21 TIF> >0x0D TIF> >0x28 TIF>Scanning AP map to find all available APs >0x0D TIF> >0x28 TIF> >0x0D TIF> >0x21 TIF> >0x0D TIF> >0x21 TIF> >0x0D TIF> >0x28 TIF> >0x0D TIF> >0x21 TIF> >0x0D TIF> >0x21 TIF>AP[1]: Stopped AP scan as end of AP map has been reachedAP[0]: AHB-AP (IDR: 0x04770031)Iterating through AP map to find AHB-AP to use
02-00000000-00-00000498-01E1:  >0x42 TIF> >0x28 TIF> >0x0D TIF> >0x28 TIF> >0x0D TIF> >0x21 TIF> >0x0D TIF> >0x21 TIF> >0x42 TIF> >0x28 TIF> >0x0D TIF> >0x28 TIF> >0x0D TIF> >0x28 TIF> >0x0D TIF> >0x21 TIF> >0x0D TIF> >0x21 TIF>AP[0]: Core foundAP[0]: AHB-AP ROM base: 0xE00FF000 >0x0D TIF> >0x28 TIF> >0x0D TIF> >0x28 TIF> >0x0D TIF> >0x28 TIF> >0x0D TIF> >0x21 TIF> >0x0D TIF> >0x21 TIF>CPUID register: 0x410CC601. Implementer code: 0x41 (ARM)Found Cortex-M0 r0p1, Little endian. -- Max. mem block: 0x00005330
02-00000000-00-00000504-01CE:  -- CPU_ReadMem(4 bytes @ 0xE000EDF0) -- CPU_WriteMem(4 bytes @ 0xE000EDF0) -- CPU_ReadMem(4 bytes @ 0xE0002000)FPUnit: 4 code (BP) slots and 0 literal slots -- CPU_ReadMem(4 bytes @ 0xE000EDFC) -- CPU_WriteMem(4 bytes @ 0xE000EDFC) -- CPU_ReadMem(4 bytes @ 0xE0001000) -- CPU_WriteMem(4 bytes @ 0xE0001000)CoreSight components:ROMTbl[0] @ E00FF000 -- CPU_ReadMem(16 bytes @ 0xE00FF000) -- CPU_ReadMem(16 bytes @ 0xE000EFF0) -- CPU_ReadMem(16 bytes @ 0xE000EFE0)
02-00000000-00-00000507-0165: ROMTbl[0][0]: E000E000, CID: B105E00D, PID: 000BB008 SCS -- CPU_ReadMem(16 bytes @ 0xE0001FF0) -- CPU_ReadMem(16 bytes @ 0xE0001FE0)ROMTbl[0][1]: E0001000, CID: B105E00D, PID: 000BB00A DWT -- CPU_ReadMem(16 bytes @ 0xE0002FF0) -- CPU_ReadMem(16 bytes @ 0xE0002FE0)ROMTbl[0][2]: E0002000, CID: B105E00D, PID: 000BB00B FPB  returns 0x00 (0123ms, 0494ms total)
02-00000000-00-00000507-00A2: T136C 000:509 JLINK_GetIdData(...) >0x0D TIF> >0x21 TIF> ScanLen=4 NumDevices=1 aId[0]=0x0BC11477 aIrRead[0]=0 aScanLen[0]=0 aScanRead[0]=0 (0000ms, 0494ms total)
02-00000000-00-00000507-0047: T136C 000:509 JLINK_GetDeviceFamily()  returns 6 (0000ms, 0494ms total)
02-00000000-00-00000508-004D: T136C 000:510 JLINK_CORE_GetFound()  returns 0x60000FF (0000ms, 0495ms total)
02-00000000-00-00000508-0044: T136C 000:510 JLINK_IsHalted()  returns FALSE (0000ms, 0495ms total)
02-00000000-00-00000516-003F: T136C 000:510 JLINK_Halt()  returns 0x00 (0008ms, 0503ms total)
02-00000000-00-00000516-0043: T136C 000:518 JLINK_IsHalted()  returns TRUE (0000ms, 0503ms total)
02-00000000-00-00000516-0051: T136C 000:518 JLINK_WriteReg(R0, 0x00000000)  returns 0x00 (0000ms, 0503ms total)
02-00000000-00-00000516-0051: T136C 000:518 JLINK_WriteReg(R1, 0x00000000)  returns 0x00 (0000ms, 0503ms total)
02-00000000-00-00000516-0051: T136C 000:518 JLINK_WriteReg(R2, 0x00000000)  returns 0x00 (0000ms, 0503ms total)
02-00000000-00-00000516-0051: T136C 000:518 JLINK_WriteReg(R3, 0x00000000)  returns 0x00 (0000ms, 0503ms total)
02-00000000-00-00000516-0051: T136C 000:518 JLINK_WriteReg(R4, 0x00000000)  returns 0x00 (0000ms, 0503ms total)
02-00000000-00-00000516-0051: T136C 000:518 JLINK_WriteReg(R5, 0x00000000)  returns 0x00 (0000ms, 0503ms total)
02-00000000-00-00000516-0051: T136C 000:518 JLINK_WriteReg(R6, 0x00000000)  returns 0x00 (0000ms, 0503ms total)
02-00000000-00-00000516-0051: T136C 000:518 JLINK_WriteReg(R7, 0x00000000)  returns 0x00 (0000ms, 0503ms total)
02-00000000-00-00000516-0051: T136C 000:518 JLINK_WriteReg(R8, 0x00000000)  returns 0x00 (0000ms, 0503ms total)
02-00000000-00-00000516-0051: T136C 000:518 JLINK_WriteReg(R9, 0x00000000)  returns 0x00 (0000ms, 0503ms total)
02-00000000-00-00000516-0052: T136C 000:518 JLINK_WriteReg(R10, 0x00000000)  returns 0x00 (0000ms, 0503ms total)
02-00000000-00-00000516-0052: T136C 000:518 JLINK_WriteReg(R11, 0x00000000)  returns 0x00 (0000ms, 0503ms total)
02-00000000-00-00000516-0052: T136C 000:518 JLINK_WriteReg(R12, 0x00000000)  returns 0x00 (0000ms, 0503ms total)
02-00000000-00-00000516-0057: T136C 000:518 JLINK_WriteReg(R13 (SP), 0x00000000)  returns 0x00 (0000ms, 0503ms total)
02-00000000-00-00000516-0052: T136C 000:518 JLINK_WriteReg(R14, 0x00000000)  returns 0x00 (0000ms, 0503ms total)
02-00000000-00-00000516-0057: T136C 000:518 JLINK_WriteReg(R15 (PC), 0x00000000)  returns 0x00 (0000ms, 0503ms total)
02-00000000-00-00000516-0053: T136C 000:518 JLINK_WriteReg(XPSR, 0x01000000)  returns 0x00 (0000ms, 0503ms total)
03-00000000-00-00000517-0014: Connected to target

03-00000000-00-00000517-001D: Waiting for GDB connection...
02-00000000-00-00002605-0049: T0C98 002:576 JLINK_GetHWStatus(...)  returns 0x00 (0031ms, 0535ms total)
02-00000000-00-00004944-0049: T0C98 004:946 JLINK_GetHWStatus(...)  returns 0x00 (0000ms, 0535ms total)
03-00000000-00-00006848-0017: Connected to 127.0.0.1

00-000004A8-00-00006853-008E: +$qSupported:multiprocess+;swbreak+;hwbreak+;qRelocInsn+;fork-events+;vfork-events+;exec-events+;vContSupported+;QThreadEvents+;no-resumed+#df
01-000004A8-00-00006853-0001: +
01-000004A8-00-00006854-0059: $PacketSize=4000;qXfer:memory-map:read-;QStartNoAckMode+;hwbreak+;qXfer:features:read+#b1
00-000004A8-00-00006854-0001: +
00-000004A8-00-00006854-0013: $vMustReplyEmpty#3a
01-000004A8-00-00006854-0001: +
01-000004A8-00-00006854-0004: $#00
00-000004A8-00-00006854-0001: +
00-000004A8-00-00006854-0013: $QStartNoAckMode#b0
01-000004A8-00-00006854-0001: +
01-000004A8-00-00006854-0006: $OK#9a
00-000004A8-00-00006854-0001: +
00-000004A8-00-00006855-0007: $Hg0#df
01-000004A8-00-00006855-0006: $OK#9a
00-000004A8-00-00006856-0028: $qXfer:features:read:target.xml:0,fff#7d
01-000004A8-00-00006856-08E4: $l<?xml version="1.0"?>
<!-- Copyright (C) 2008 Free Software Foundation, Inc.

     Copying and distribution of this file, with or without modification,
     are permitted in any medium without royalty provided the copyright
     notice and this notice are preserved.  -->

<!DOCTYPE feature SYSTEM "gdb-target.dtd">
<target version="1.0">
  <architecture>arm</architecture>
  <feature name="org.gnu.gdb.arm.m-profile">
    <reg name="r0" bitsize="32" regnum="0" type="uint32" group="general"/>
    <reg name="r1" bitsize="32" regnum="1" type="uint32" group="general"/>
    <reg name="r2" bitsize="32" regnum="2" type="uint32" group="general"/>
    <reg name="r3" bitsize="32" regnum="3" type="uint32" group="general"/>
    <reg name="r4" bitsize="32" regnum="4" type="uint32" group="general"/>
    <reg name="r5" bitsize="32" regnum="5" type="uint32" group="general"/>
    <reg name="r6" bitsize="32" regnum="6" type="uint32" group="general"/>
    <reg name="r7" bitsize="32" regnum="7" type="uint32" group="general"/>
    <reg name="r8" bitsize="32" regnum="8" type="uint32" group="general"/>
    <reg name="r9" bitsize="32" regnum="9" type="uint32" group="general"/>
    <reg name="r10" bitsize="32" regnum="10" type="uint32" group="general"/>
    <reg name="r11" bitsize="32" regnum="11" type="uint32" group="general"/>
    <reg name="r12" bitsize="32" regnum="12" type="uint32" group="general"/>
    <reg name="sp" bitsize="32" regnum="13" type="data_ptr" group="general"/>
    <reg name="lr" bitsize="32" regnum="14" type="uint32" group="general"/>
    <reg name="pc" bitsize="32" regnum="15" type="code_ptr" group="general"/>
    <reg name="xpsr" bitsize="32" regnum="25" type="uint32" group="general"/>
  </feature>
  <feature name="org.gnu.gdb.arm.m-system">
    <reg name="msp" bitsize="32" regnum="26" type="uint32" group="general"/>
    <reg name="psp" bitsize="32" regnum="27" type="uint32" group="general"/>
    <reg name="primask" bitsize="32" regnum="28" type="uint32" group="general"/>
    <reg name="basepri" bitsize="32" regnum="29" type="uint32" group="general"/>
    <reg name="faultmask" bitsize="32" regnum="30" type="uint32" group="general"/>
    <reg name="control" bitsize="32" regnum="31" type="uint32" group="general"/>
  </feature>
</target>

#4c
00-000004A8-00-00006862-000C: $qTStatus#49
01-000004A8-00-00006862-0004: $#00
00-000004A8-00-00006862-0005: $?#3f
01-000004A8-00-00006863-0007: $S05#b8
00-000004A8-00-00006863-0010: $qfThreadInfo#bb
01-000004A8-00-00006863-000D: $m0000dead#bb
00-000004A8-00-00006863-0010: $qsThreadInfo#c8
01-000004A8-00-00006863-0005: $l#6c
00-000004A8-00-00006864-000D: $qAttached#8f
01-000004A8-00-00006864-0004: $#00
00-000004A8-00-00006870-0008: $Hc-1#09
01-000004A8-00-00006870-0006: $OK#9a
00-000004A8-00-00006870-0006: $qC#b4
01-000004A8-00-00006870-0004: $#00
00-000004A8-00-00006872-0005: $g#67
03-00000000-00-00006872-0016: Reading all registers

02-00000000-00-00006873-0065: T0CFC 006:875 JLINK_ReadRegs_64(NumRegs = 1, Indexes: 0) -- R0=0x00  returns 0 (0000ms, 0535ms total)
02-00000000-00-00006873-0065: T0CFC 006:875 JLINK_ReadRegs_64(NumRegs = 1, Indexes: 1) -- R1=0x00  returns 0 (0000ms, 0535ms total)
02-00000000-00-00006873-0065: T0CFC 006:875 JLINK_ReadRegs_64(NumRegs = 1, Indexes: 2) -- R2=0x00  returns 0 (0000ms, 0535ms total)
02-00000000-00-00006873-0065: T0CFC 006:875 JLINK_ReadRegs_64(NumRegs = 1, Indexes: 3) -- R3=0x00  returns 0 (0000ms, 0535ms total)
02-00000000-00-00006873-0065: T0CFC 006:875 JLINK_ReadRegs_64(NumRegs = 1, Indexes: 4) -- R4=0x00  returns 0 (0000ms, 0535ms total)
02-00000000-00-00006873-0065: T0CFC 006:875 JLINK_ReadRegs_64(NumRegs = 1, Indexes: 5) -- R5=0x00  returns 0 (0000ms, 0535ms total)
02-00000000-00-00006873-0065: T0CFC 006:875 JLINK_ReadRegs_64(NumRegs = 1, Indexes: 6) -- R6=0x00  returns 0 (0000ms, 0535ms total)
02-00000000-00-00006873-0065: T0CFC 006:875 JLINK_ReadRegs_64(NumRegs = 1, Indexes: 7) -- R7=0x00  returns 0 (0000ms, 0535ms total)
02-00000000-00-00006873-0065: T0CFC 006:875 JLINK_ReadRegs_64(NumRegs = 1, Indexes: 8) -- R8=0x00  returns 0 (0000ms, 0535ms total)
02-00000000-00-00006873-0065: T0CFC 006:875 JLINK_ReadRegs_64(NumRegs = 1, Indexes: 9) -- R9=0x00  returns 0 (0000ms, 0535ms total)
02-00000000-00-00006873-0067: T0CFC 006:875 JLINK_ReadRegs_64(NumRegs = 1, Indexes: 10) -- R10=0x00  returns 0 (0000ms, 0535ms total)
02-00000000-00-00006873-0067: T0CFC 006:875 JLINK_ReadRegs_64(NumRegs = 1, Indexes: 11) -- R11=0x00  returns 0 (0000ms, 0535ms total)
02-00000000-00-00006873-0067: T0CFC 006:875 JLINK_ReadRegs_64(NumRegs = 1, Indexes: 12) -- R12=0x00  returns 0 (0000ms, 0535ms total)
02-00000000-00-00006873-006C: T0CFC 006:875 JLINK_ReadRegs_64(NumRegs = 1, Indexes: 13) -- R13 (SP)=0x00  returns 0 (0000ms, 0535ms total)
02-00000000-00-00006874-0067: T0CFC 006:876 JLINK_ReadRegs_64(NumRegs = 1, Indexes: 14) -- R14=0x00  returns 0 (0000ms, 0536ms total)
02-00000000-00-00006874-006C: T0CFC 006:876 JLINK_ReadRegs_64(NumRegs = 1, Indexes: 15) -- R15 (PC)=0x00  returns 0 (0000ms, 0536ms total)
02-00000000-00-00006874-006D: T0CFC 006:876 JLINK_ReadRegs_64(NumRegs = 1, Indexes: 16) -- XPSR=0x1000000  returns 0 (0000ms, 0536ms total)
02-00000000-00-00006874-0067: T0CFC 006:876 JLINK_ReadRegs_64(NumRegs = 1, Indexes: 17) -- MSP=0x00  returns 0 (0000ms, 0536ms total)
02-00000000-00-00006874-006D: T0CFC 006:876 JLINK_ReadRegs_64(NumRegs = 1, Indexes: 18) -- PSP=0xFFFFFFFC  returns 0 (0000ms, 0536ms total)
02-00000000-00-00006874-006B: T0CFC 006:876 JLINK_ReadRegs_64(NumRegs = 1, Indexes: 24) -- PRIMASK=0x00  returns 0 (0000ms, 0536ms total)
02-00000000-00-00006874-004F: T0CFC 006:876 JLINK_ReadReg(BASEPRI)  returns 0x00000000 (0000ms, 0536ms total)
02-00000000-00-00006875-006D: T0CFC 006:877 JLINK_ReadRegs_64(NumRegs = 1, Indexes: 26) -- FAULTMASK=0x00  returns 0 (0000ms, 0537ms total)
02-00000000-00-00006875-004F: T0CFC 006:877 JLINK_ReadReg(CONTROL)  returns 0x00000000 (0000ms, 0537ms total)
01-000004A8-00-00006875-008C: $0000000000000000000000000000000000000000000000000000000000000000000000000000000000000000000000000000000000000000000000000000000000000001#81
00-000004A8-00-00006876-0010: $qfThreadInfo#bb
01-000004A8-00-00006876-000D: $m0000dead#bb
00-000004A8-00-00006876-0010: $qsThreadInfo#c8
01-000004A8-00-00006876-0005: $l#6c
00-000004A8-00-00006878-0008: $m0,4#fd
02-00000000-00-00006880-0099: T0CFC 006:880 JLINK_ReadMem (0x00000000, 0x0004 Bytes, ...) -- CPU_ReadMem(4 bytes @ 0x00000000) - Data: E8 BF FC 07  returns 0x00 (0002ms, 0539ms total)
03-00000000-00-00006880-0036: Read 4 bytes @ address 0x00000000 (Data = 0x07FCBFE8)

01-000004A8-00-00006880-000C: $e8bffc07#95
00-000004A8-00-00006881-0008: $m0,2#fb
02-00000000-00-00006881-0093: T0CFC 006:883 JLINK_ReadMem (0x00000000, 0x0002 Bytes, ...) -- CPU_ReadMem(2 bytes @ 0x00000000) - Data: E8 BF  returns 0x00 (0000ms, 0539ms total)
03-00000000-00-00006881-0032: Read 2 bytes @ address 0x00000000 (Data = 0xBFE8)

01-000004A8-00-00006882-0008: $e8bf#65
00-000004A8-00-00006926-001A: $qRcmd,7370656564203330#5f
03-00000000-00-00006926-0023: Received monitor command: speed 30

02-00000000-00-00006926-0037: T0CFC 006:928 JLINK_SetSpeed(30) (0000ms, 0539ms total)
02-00000000-00-00006926-0043: T0CFC 006:928 JLINK_GetSpeed()  returns 0x1E (0000ms, 0539ms total)
01-000004A8-00-00006926-0050: $54617267657420696e746572666163652073706565642073657420746f203330206b487a0D0A#5a
03-00000000-00-00006927-0025: Target interface speed set to 30 kHz

00-000004A8-00-00006939-0014: $qRcmd,636c726270#5d
03-00000000-00-00006939-0020: Received monitor command: clrbp

01-000004A8-00-00006939-0006: $OK#9a
00-000004A8-00-00006943-0018: $qRcmd,72657365742030#fc
03-00000000-00-00006943-0022: Received monitor command: reset 0

02-00000000-00-00006944-007F: T0CFC 006:945 JLINK_SetResetType(JLINKARM_CM3_RESET_TYPE_NORMAL)  returns JLINKARM_CM3_RESET_TYPE_NORMAL (0000ms, 0539ms total)
02-00000000-00-00006944-003E: T0CFC 006:946 JLINK_ResetPullsRESET(ON) (0000ms, 0540ms total)
02-00000000-00-00007274-01ED: T0CFC 006:946 JLINK_Reset() -- CPU_WriteMem(4 bytes @ 0xE000EDF0) -- CPU_WriteMem(4 bytes @ 0xE000EDFC)Reset: Halt core after reset via DEMCR.VC_CORERESET. >0x35 TIF>Reset: Reset device via AIRCR.SYSRESETREQ. -- CPU_WriteMem(4 bytes @ 0xE000ED0C) >0x0D TIF> >0x28 TIF> -- CPU_ReadMem(4 bytes @ 0xE000EDF0) -- CPU_ReadMem(4 bytes @ 0xE000EDF0) -- CPU_WriteMem(4 bytes @ 0xE000EDF0) -- CPU_WriteMem(4 bytes @ 0xE000EDFC) -- CPU_ReadMem(4 bytes @ 0xE000EDF0) -- CPU_WriteMem(4 bytes @ 0xE0002000)
02-00000000-00-00007335-0087:  -- CPU_ReadMem(4 bytes @ 0xE000EDFC) -- CPU_ReadMem(4 bytes @ 0xE0001000) -- CPU_WriteMem(4 bytes @ 0xE0001000) (0391ms, 0931ms total)
01-000004A8-00-00007335-007C: $52657365747320636f72652026207065726970686572616c7320766961205359535245534554524551202620564543545245534554206269742e0D0A#1f
02-00000000-00-00007335-0049: T0C98 007:337 JLINK_GetHWStatus(...)  returns 0x00 (0000ms, 0931ms total)
03-00000000-00-00007336-003B: Resets core & peripherals via SYSRESETREQ & VECTRESET bit.

00-000004A8-00-00007362-0012: $qRcmd,68616c74#fc
03-00000000-00-00007363-001F: Received monitor command: halt

03-00000000-00-00007363-0016: Halting target CPU...

02-00000000-00-00007363-003F: T0CFC 007:365 JLINK_Halt()  returns 0x00 (0000ms, 0931ms total)
02-00000000-00-00007363-0043: T0CFC 007:365 JLINK_IsHalted()  returns TRUE (0000ms, 0931ms total)
02-00000000-00-00007363-0050: T0CFC 007:365 JLINK_ReadReg(R15 (PC))  returns 0x00001B80 (0000ms, 0931ms total)
03-00000000-00-00007363-0023: ...Target halted (PC = 0x00001B80)

01-000004A8-00-00007363-0006: $OK#9a
00-000004A8-00-00007398-0012: $qRcmd,72656773#ce
03-00000000-00-00007398-001F: Received monitor command: regs

02-00000000-00-00007399-004F: T0CFC 007:401 JLINK_ReadReg(PRIMASK)  returns 0x00000000 (0000ms, 0931ms total)
02-00000000-00-00007399-004F: T0CFC 007:401 JLINK_ReadReg(BASEPRI)  returns 0x00000000 (0000ms, 0931ms total)
02-00000000-00-00007399-0051: T0CFC 007:401 JLINK_ReadReg(FAULTMASK)  returns 0x00000000 (0000ms, 0931ms total)
02-00000000-00-00007399-004F: T0CFC 007:401 JLINK_ReadReg(CONTROL)  returns 0x00000000 (0000ms, 0931ms total)
02-00000000-00-00007399-004C: T0CFC 007:401 JLINK_ReadReg(CFBP)  returns 0x00000000 (0000ms, 0931ms total)
02-00000000-00-00007399-004C: T0CFC 007:401 JLINK_ReadReg(IPSR)  returns 0x00000000 (0000ms, 0931ms total)
02-00000000-00-00007399-004C: T0CFC 007:401 JLINK_ReadReg(EPSR)  returns 0x01000000 (0000ms, 0931ms total)
02-00000000-00-00007399-004C: T0CFC 007:401 JLINK_ReadReg(APSR)  returns 0xF0000000 (0000ms, 0931ms total)
02-00000000-00-00007399-004C: T0CFC 007:401 JLINK_ReadReg(XPSR)  returns 0xF1000000 (0000ms, 0931ms total)
02-00000000-00-00007399-0050: T0CFC 007:401 JLINK_ReadReg(R15 (PC))  returns 0x00001B80 (0000ms, 0931ms total)
02-00000000-00-00007399-004B: T0CFC 007:401 JLINK_ReadReg(R14)  returns 0xFFFFFFFF (0000ms, 0931ms total)
02-00000000-00-00007399-004B: T0CFC 007:401 JLINK_ReadReg(PSP)  returns 0xFFFFFFFC (0000ms, 0931ms total)
02-00000000-00-00007399-004B: T0CFC 007:401 JLINK_ReadReg(MSP)  returns 0x07FCBFE8 (0000ms, 0931ms total)
02-00000000-00-00007399-0050: T0CFC 007:401 JLINK_ReadReg(R13 (SP))  returns 0x07FCBFE8 (0000ms, 0931ms total)
02-00000000-00-00007399-004B: T0CFC 007:401 JLINK_ReadReg(R12)  returns 0xFFFFFFFF (0000ms, 0931ms total)
02-00000000-00-00007400-004B: T0CFC 007:402 JLINK_ReadReg(R11)  returns 0xFFFFFFFF (0000ms, 0931ms total)
02-00000000-00-00007400-004B: T0CFC 007:402 JLINK_ReadReg(R10)  returns 0xFFFFFFFF (0000ms, 0931ms total)
02-00000000-00-00007400-004A: T0CFC 007:402 JLINK_ReadReg(R9)  returns 0xFFFFFFFF (0000ms, 0931ms total)
02-00000000-00-00007400-004A: T0CFC 007:402 JLINK_ReadReg(R8)  returns 0xFFFFFFFF (0000ms, 0931ms total)
02-00000000-00-00007400-004A: T0CFC 007:402 JLINK_ReadReg(R7)  returns 0xFFFFFFFF (0000ms, 0931ms total)
02-00000000-00-00007400-004A: T0CFC 007:402 JLINK_ReadReg(R6)  returns 0xFFFFFFFF (0000ms, 0931ms total)
02-00000000-00-00007400-004A: T0CFC 007:402 JLINK_ReadReg(R5)  returns 0xFFFFFFFF (0000ms, 0931ms total)
02-00000000-00-00007400-004A: T0CFC 007:402 JLINK_ReadReg(R4)  returns 0xFFFFFFFF (0000ms, 0931ms total)
02-00000000-00-00007400-004A: T0CFC 007:402 JLINK_ReadReg(R3)  returns 0xFFFFFFFF (0000ms, 0931ms total)
02-00000000-00-00007400-004A: T0CFC 007:402 JLINK_ReadReg(R2)  returns 0xFFFFFFFF (0000ms, 0931ms total)
02-00000000-00-00007400-004A: T0CFC 007:402 JLINK_ReadReg(R1)  returns 0xFFFFFFFF (0000ms, 0931ms total)
02-00000000-00-00007400-004A: T0CFC 007:402 JLINK_ReadReg(R0)  returns 0xFFFFFFFF (0000ms, 0931ms total)
01-000004A8-00-00007400-0322: $5230203d2046464646464646462c205231203d2046464646464646462c205232203d2046464646464646462c205233203d2046464646464646460a5234203d2046464646464646462c205235203d2046464646464646462c205236203d2046464646464646462c205237203d2046464646464646460a5238203d2046464646464646462c205239203d2046464646464646462c205231303d2046464646464646462c205231313d2046464646464646460a5231323d2046464646464646462c205231333d2030374643424645382c204d53503d2030374643424645382c205053503d2046464646464646430a523134284c5229203d2046464646464646462c2052313528504329203d2030303030314238300a585053522046313030303030302c20415053522046303030303030302c20455053522030313030303030302c20495053522030303030303030300a434642502030303030303030302c20434f4e54524f4c2030302c204641554c544d41534b2030302c20424153455052492030302c205052494d41534b2030300D0A#43
03-00000000-00-00007400-018E: R0 = FFFFFFFF, R1 = FFFFFFFF, R2 = FFFFFFFF, R3 = FFFFFFFF
R4 = FFFFFFFF, R5 = FFFFFFFF, R6 = FFFFFFFF, R7 = FFFFFFFF
R8 = FFFFFFFF, R9 = FFFFFFFF, R10= FFFFFFFF, R11= FFFFFFFF
R12= FFFFFFFF, R13= 07FCBFE8, MSP= 07FCBFE8, PSP= FFFFFFFC
R14(LR) = FFFFFFFF, R15(PC) = 00001B80
XPSR F1000000, APSR F0000000, EPSR 01000000, IPSR 00000000
CFBP 00000000, CONTROL 00, FAULTMASK 00, BASEPRI 00, PRIMASK 00

00-000004A8-00-00007418-0005: $g#67
03-00000000-00-00007418-0016: Reading all registers

02-00000000-00-00007419-006B: T0CFC 007:421 JLINK_ReadRegs_64(NumRegs = 1, Indexes: 0) -- R0=0xFFFFFFFF  returns 0 (0000ms, 0931ms total)
02-00000000-00-00007419-006B: T0CFC 007:421 JLINK_ReadRegs_64(NumRegs = 1, Indexes: 1) -- R1=0xFFFFFFFF  returns 0 (0000ms, 0931ms total)
02-00000000-00-00007419-006B: T0CFC 007:421 JLINK_ReadRegs_64(NumRegs = 1, Indexes: 2) -- R2=0xFFFFFFFF  returns 0 (0000ms, 0931ms total)
02-00000000-00-00007419-006B: T0CFC 007:421 JLINK_ReadRegs_64(NumRegs = 1, Indexes: 3) -- R3=0xFFFFFFFF  returns 0 (0000ms, 0931ms total)
02-00000000-00-00007419-006B: T0CFC 007:421 JLINK_ReadRegs_64(NumRegs = 1, Indexes: 4) -- R4=0xFFFFFFFF  returns 0 (0000ms, 0931ms total)
02-00000000-00-00007419-006B: T0CFC 007:421 JLINK_ReadRegs_64(NumRegs = 1, Indexes: 5) -- R5=0xFFFFFFFF  returns 0 (0000ms, 0931ms total)
02-00000000-00-00007419-006B: T0CFC 007:421 JLINK_ReadRegs_64(NumRegs = 1, Indexes: 6) -- R6=0xFFFFFFFF  returns 0 (0000ms, 0931ms total)
02-00000000-00-00007419-006B: T0CFC 007:421 JLINK_ReadRegs_64(NumRegs = 1, Indexes: 7) -- R7=0xFFFFFFFF  returns 0 (0000ms, 0931ms total)
02-00000000-00-00007419-006B: T0CFC 007:421 JLINK_ReadRegs_64(NumRegs = 1, Indexes: 8) -- R8=0xFFFFFFFF  returns 0 (0000ms, 0931ms total)
02-00000000-00-00007419-006B: T0CFC 007:421 JLINK_ReadRegs_64(NumRegs = 1, Indexes: 9) -- R9=0xFFFFFFFF  returns 0 (0000ms, 0931ms total)
02-00000000-00-00007419-006D: T0CFC 007:421 JLINK_ReadRegs_64(NumRegs = 1, Indexes: 10) -- R10=0xFFFFFFFF  returns 0 (0000ms, 0931ms total)
02-00000000-00-00007419-006D: T0CFC 007:421 JLINK_ReadRegs_64(NumRegs = 1, Indexes: 11) -- R11=0xFFFFFFFF  returns 0 (0000ms, 0931ms total)
02-00000000-00-00007419-006D: T0CFC 007:421 JLINK_ReadRegs_64(NumRegs = 1, Indexes: 12) -- R12=0xFFFFFFFF  returns 0 (0000ms, 0931ms total)
02-00000000-00-00007419-0071: T0CFC 007:421 JLINK_ReadRegs_64(NumRegs = 1, Indexes: 13) -- R13 (SP)=0x7FCBFE8  returns 0 (0000ms, 0931ms total)
02-00000000-00-00007419-006D: T0CFC 007:421 JLINK_ReadRegs_64(NumRegs = 1, Indexes: 14) -- R14=0xFFFFFFFF  returns 0 (0000ms, 0931ms total)
02-00000000-00-00007419-006E: T0CFC 007:421 JLINK_ReadRegs_64(NumRegs = 1, Indexes: 15) -- R15 (PC)=0x1B80  returns 0 (0000ms, 0931ms total)
02-00000000-00-00007419-006E: T0CFC 007:421 JLINK_ReadRegs_64(NumRegs = 1, Indexes: 16) -- XPSR=0xF1000000  returns 0 (0000ms, 0931ms total)
02-00000000-00-00007419-006C: T0CFC 007:421 JLINK_ReadRegs_64(NumRegs = 1, Indexes: 17) -- MSP=0x7FCBFE8  returns 0 (0000ms, 0931ms total)
02-00000000-00-00007419-006D: T0CFC 007:421 JLINK_ReadRegs_64(NumRegs = 1, Indexes: 18) -- PSP=0xFFFFFFFC  returns 0 (0000ms, 0931ms total)
02-00000000-00-00007419-006B: T0CFC 007:421 JLINK_ReadRegs_64(NumRegs = 1, Indexes: 24) -- PRIMASK=0x00  returns 0 (0000ms, 0931ms total)
02-00000000-00-00007419-004F: T0CFC 007:421 JLINK_ReadReg(BASEPRI)  returns 0x00000000 (0000ms, 0931ms total)
02-00000000-00-00007419-006D: T0CFC 007:421 JLINK_ReadRegs_64(NumRegs = 1, Indexes: 26) -- FAULTMASK=0x00  returns 0 (0000ms, 0931ms total)
02-00000000-00-00007420-004F: T0CFC 007:422 JLINK_ReadReg(CONTROL)  returns 0x00000000 (0000ms, 0932ms total)
01-000004A8-00-00007420-008C: $ffffffffffffffffffffffffffffffffffffffffffffffffffffffffffffffffffffffffffffffffffffffffffffffffffffffffe8bffc07ffffffff801b0000000000f1#a7
00-000004A8-00-00007428-001E: $qRcmd,7370656564206175746f#70
03-00000000-00-00007428-0025: Received monitor command: speed auto

02-00000000-00-00007429-0038: T0CFC 007:430 JLINK_SetMaxSpeed() (0001ms, 0933ms total)
02-00000000-00-00007429-0044: T0CFC 007:431 JLINK_GetSpeed()  returns 0x7D0 (0000ms, 0933ms total)
01-000004A8-00-00007429-0062: $53656c656374206175746f2074617267657420696e74657266616365207370656564202832303030206b487a290D0A#34
03-00000000-00-00007429-002E: Select auto target interface speed (2000 kHz)

00-000004A8-00-00007471-0030: $qRcmd,666c61736820627265616b706f696e74732031#ac
03-00000000-00-00007471-002E: Received monitor command: flash breakpoints 1

02-00000000-00-00007471-005D: T0CFC 007:473 JLINK_ExecCommand("EnableFlashBPs", ...).   returns 0x00 (0000ms, 0933ms total)
01-000004A8-00-00007471-003A: $466c61736820627265616b706f696e747320656e61626c65640D0A#4b
03-00000000-00-00007471-001A: Flash breakpoints enabled

00-000004A8-00-00007507-002E: $qRcmd,73656d69686f7374696e6720656e61626c65#92
03-00000000-00-00007507-002D: Received monitor command: semihosting enable

01-000004A8-00-00007507-0052: $53656d692d686f7374696e6720656e61626c6564202848616e646c65206f6e20424b5054290D0A#2a
03-00000000-00-00007508-0026: Semi-hosting enabled (Handle on BKPT)

00-000004A8-00-00007510-0036: $qRcmd,73656d69686f7374696e6720494f436c69656e742033#68
03-00000000-00-00007510-0031: Received monitor command: semihosting IOClient 3

01-000004A8-00-00007510-0060: $53656d69686f7374696e6720492f4f2073657420746f2054454c4e455420616e642047444220436c69656e740D0A#04
03-00000000-00-00007510-002D: Semihosting I/O set to TELNET and GDB Client

00-000004A8-00-00007513-0014: $qRcmd,7265736574#37
03-00000000-00-00007513-0020: Received monitor command: reset

02-00000000-00-00007513-003E: T0CFC 007:515 JLINK_ResetPullsRESET(ON) (0000ms, 0933ms total)
02-00000000-00-00007579-01ED: T0CFC 007:515 JLINK_Reset() -- CPU_WriteMem(4 bytes @ 0xE000EDF0) -- CPU_WriteMem(4 bytes @ 0xE000EDFC)Reset: Halt core after reset via DEMCR.VC_CORERESET. >0x35 TIF>Reset: Reset device via AIRCR.SYSRESETREQ. -- CPU_WriteMem(4 bytes @ 0xE000ED0C) >0x0D TIF> >0x28 TIF> -- CPU_ReadMem(4 bytes @ 0xE000EDF0) -- CPU_ReadMem(4 bytes @ 0xE000EDF0) -- CPU_WriteMem(4 bytes @ 0xE000EDF0) -- CPU_WriteMem(4 bytes @ 0xE000EDFC) -- CPU_ReadMem(4 bytes @ 0xE000EDF0) -- CPU_WriteMem(4 bytes @ 0xE0002000)
02-00000000-00-00007580-0087:  -- CPU_ReadMem(4 bytes @ 0xE000EDFC) -- CPU_ReadMem(4 bytes @ 0xE0001000) -- CPU_WriteMem(4 bytes @ 0xE0001000) (0067ms, 1000ms total)
01-000004A8-00-00007580-0028: $526573657474696e67207461726765740D0A#b9
03-00000000-00-00007580-0011: Resetting target

00-000004A8-00-00007603-0012: $qRcmd,68616c74#fc
03-00000000-00-00007603-001F: Received monitor command: halt

03-00000000-00-00007603-0016: Halting target CPU...

02-00000000-00-00007603-003F: T0CFC 007:605 JLINK_Halt()  returns 0x00 (0000ms, 1000ms total)
02-00000000-00-00007603-0043: T0CFC 007:605 JLINK_IsHalted()  returns TRUE (0000ms, 1000ms total)
02-00000000-00-00007603-0050: T0CFC 007:605 JLINK_ReadReg(R15 (PC))  returns 0x00001B80 (0000ms, 1000ms total)
03-00000000-00-00007603-0023: ...Target halted (PC = 0x00001B80)

01-000004A8-00-00007604-0006: $OK#9a
00-000004A8-00-00007606-000F: $m50000012,4#55
02-00000000-00-00007607-0099: T0CFC 007:608 JLINK_ReadMem (0x50000012, 0x0004 Bytes, ...) -- CPU_ReadMem(4 bytes @ 0x50000012) - Data: A0 01 D5 00  returns 0x00 (0001ms, 1001ms total)
03-00000000-00-00007607-0036: Read 4 bytes @ address 0x50000012 (Data = 0x00D501A0)

01-000004A8-00-00007607-000C: $a001d500#eb
00-000004A8-00-00007608-000B: $m1b80,4#c8
02-00000000-00-00007608-0099: T0CFC 007:610 JLINK_ReadMem (0x00001B80, 0x0004 Bytes, ...) -- CPU_ReadMem(4 bytes @ 0x00001B80) - Data: 04 48 80 47  returns 0x00 (0000ms, 1001ms total)
03-00000000-00-00007608-0036: Read 4 bytes @ address 0x00001B80 (Data = 0x47804804)

01-000004A8-00-00007609-000C: $04488047#a3
00-000004A8-00-00007609-000B: $m1b80,2#c6
02-00000000-00-00007609-0093: T0CFC 007:611 JLINK_ReadMem (0x00001B80, 0x0002 Bytes, ...) -- CPU_ReadMem(2 bytes @ 0x00001B80) - Data: 04 48  returns 0x00 (0000ms, 1001ms total)
03-00000000-00-00007609-0032: Read 2 bytes @ address 0x00001B80 (Data = 0x4804)

01-000004A8-00-00007610-0008: $0448#d0
00-000004A8-00-00007629-003C: $qRcmd,6d656d5531362030783530303030303132203d203078316132#aa
03-00000000-00-00007629-0034: Received monitor command: memU16 0x50000012 = 0x1a2

02-00000000-00-00007630-007C: T0CFC 007:631 JLINK_WriteU16(0x50000012, 0x000001A2) -- CPU_WriteMem(2 bytes @ 0x50000012)  returns 0 (0001ms, 1002ms total)
01-000004A8-00-00007630-004E: $57726974696e67203078303141322040206164647265737320307835303030303031320D0A#2f
03-00000000-00-00007630-0024: Writing 0x01A2 @ address 0x50000012

00-000004A8-00-00007662-000D: $qSymbol::#5b
01-000004A8-00-00007662-0006: $OK#9a
00-000004A8-00-00007919-0010: $qfThreadInfo#bb
01-000004A8-00-00007919-000D: $m0000dead#bb
00-000004A8-00-00007919-0010: $qsThreadInfo#c8
01-000004A8-00-00007919-0005: $l#6c
00-000004A8-00-00007925-0014: $qRcmd,636c726270#5d
03-00000000-00-00007925-0020: Received monitor command: clrbp

01-000004A8-00-00007925-0006: $OK#9a
00-000004A8-00-00007928-0018: $qRcmd,72657365742030#fc
03-00000000-00-00007928-0022: Received monitor command: reset 0

02-00000000-00-00007928-007F: T0CFC 007:930 JLINK_SetResetType(JLINKARM_CM3_RESET_TYPE_NORMAL)  returns JLINKARM_CM3_RESET_TYPE_NORMAL (0000ms, 1002ms total)
02-00000000-00-00007928-003E: T0CFC 007:930 JLINK_ResetPullsRESET(ON) (0000ms, 1002ms total)
02-00000000-00-00007994-01ED: T0CFC 007:930 JLINK_Reset() -- CPU_WriteMem(4 bytes @ 0xE000EDF0) -- CPU_WriteMem(4 bytes @ 0xE000EDFC)Reset: Halt core after reset via DEMCR.VC_CORERESET. >0x35 TIF>Reset: Reset device via AIRCR.SYSRESETREQ. -- CPU_WriteMem(4 bytes @ 0xE000ED0C) >0x0D TIF> >0x28 TIF> -- CPU_ReadMem(4 bytes @ 0xE000EDF0) -- CPU_ReadMem(4 bytes @ 0xE000EDF0) -- CPU_WriteMem(4 bytes @ 0xE000EDF0) -- CPU_WriteMem(4 bytes @ 0xE000EDFC) -- CPU_ReadMem(4 bytes @ 0xE000EDF0) -- CPU_WriteMem(4 bytes @ 0xE0002000)
02-00000000-00-00007995-0087:  -- CPU_ReadMem(4 bytes @ 0xE000EDFC) -- CPU_ReadMem(4 bytes @ 0xE0001000) -- CPU_WriteMem(4 bytes @ 0xE0001000) (0067ms, 1069ms total)
01-000004A8-00-00007995-007C: $52657365747320636f72652026207065726970686572616c7320766961205359535245534554524551202620564543545245534554206269742e0D0A#1f
03-00000000-00-00007995-003B: Resets core & peripherals via SYSRESETREQ & VECTRESET bit.

00-000004A8-00-00007999-0012: $qRcmd,68616c74#fc
03-00000000-00-00008000-001F: Received monitor command: halt

03-00000000-00-00008000-0016: Halting target CPU...

02-00000000-00-00008000-003F: T0CFC 008:002 JLINK_Halt()  returns 0x00 (0000ms, 1069ms total)
02-00000000-00-00008000-0043: T0CFC 008:002 JLINK_IsHalted()  returns TRUE (0000ms, 1069ms total)
02-00000000-00-00008000-0050: T0CFC 008:002 JLINK_ReadReg(R15 (PC))  returns 0x484E0DC0 (0000ms, 1069ms total)
03-00000000-00-00008000-0023: ...Target halted (PC = 0x484E0DC0)

01-000004A8-00-00008001-0006: $OK#9a
00-000004A8-00-00008026-005E: $qRcmd,657865632053657452545453656172636852616e67657320307830376663303030302030783230303030#56
03-00000000-00-00008026-0045: Received monitor command: exec SetRTTSearchRanges 0x07fc0000 0x20000

02-00000000-00-00008028-0074: T0CFC 008:029 JLINK_ExecCommand("SetRTTSearchRanges 0x07fc0000 0x20000", ...).   returns 0x00 (0001ms, 1070ms total)
01-000004A8-00-00008028-0064: $45786563757465642053657452545453656172636852616e676573203078303766633030303020307832303030300D0A#c2
03-00000000-00-00008028-002F: Executed SetRTTSearchRanges 0x07fc0000 0x20000

00-000004A8-00-00008039-0012: $qRcmd,72656773#ce
03-00000000-00-00008040-001F: Received monitor command: regs

02-00000000-00-00008040-004F: T0CFC 008:042 JLINK_ReadReg(PRIMASK)  returns 0x00000000 (0000ms, 1070ms total)
02-00000000-00-00008040-004F: T0CFC 008:042 JLINK_ReadReg(BASEPRI)  returns 0x00000000 (0000ms, 1070ms total)
02-00000000-00-00008040-0051: T0CFC 008:042 JLINK_ReadReg(FAULTMASK)  returns 0x00000000 (0000ms, 1070ms total)
02-00000000-00-00008040-004F: T0CFC 008:042 JLINK_ReadReg(CONTROL)  returns 0x00000000 (0000ms, 1070ms total)
02-00000000-00-00008040-004C: T0CFC 008:042 JLINK_ReadReg(CFBP)  returns 0x00000000 (0000ms, 1070ms total)
02-00000000-00-00008040-004C: T0CFC 008:042 JLINK_ReadReg(IPSR)  returns 0x00000000 (0000ms, 1070ms total)
02-00000000-00-00008040-004C: T0CFC 008:042 JLINK_ReadReg(EPSR)  returns 0x01000000 (0000ms, 1070ms total)
02-00000000-00-00008040-004C: T0CFC 008:042 JLINK_ReadReg(APSR)  returns 0xF0000000 (0000ms, 1070ms total)
02-00000000-00-00008040-004C: T0CFC 008:042 JLINK_ReadReg(XPSR)  returns 0xF1000000 (0000ms, 1070ms total)
02-00000000-00-00008040-0050: T0CFC 008:042 JLINK_ReadReg(R15 (PC))  returns 0x484E0DC0 (0000ms, 1070ms total)
02-00000000-00-00008040-004B: T0CFC 008:042 JLINK_ReadReg(R14)  returns 0xFFFFFFFF (0000ms, 1070ms total)
02-00000000-00-00008040-004B: T0CFC 008:042 JLINK_ReadReg(PSP)  returns 0xFFFFFFFC (0000ms, 1070ms total)
02-00000000-00-00008040-004B: T0CFC 008:042 JLINK_ReadReg(MSP)  returns 0x18D29510 (0000ms, 1070ms total)
02-00000000-00-00008040-0050: T0CFC 008:042 JLINK_ReadReg(R13 (SP))  returns 0x18D29510 (0000ms, 1070ms total)
02-00000000-00-00008040-004B: T0CFC 008:042 JLINK_ReadReg(R12)  returns 0xFFFFFFFF (0000ms, 1070ms total)
02-00000000-00-00008040-004B: T0CFC 008:042 JLINK_ReadReg(R11)  returns 0xFFFFFFFF (0000ms, 1070ms total)
02-00000000-00-00008040-004B: T0CFC 008:042 JLINK_ReadReg(R10)  returns 0xFFFFFFFF (0000ms, 1070ms total)
02-00000000-00-00008040-004A: T0CFC 008:042 JLINK_ReadReg(R9)  returns 0xFFFFFFFF (0000ms, 1070ms total)
02-00000000-00-00008040-004A: T0CFC 008:042 JLINK_ReadReg(R8)  returns 0xFFFFFFFF (0000ms, 1070ms total)
02-00000000-00-00008041-004A: T0CFC 008:043 JLINK_ReadReg(R7)  returns 0xFFFFFFFF (0000ms, 1070ms total)
02-00000000-00-00008041-004A: T0CFC 008:043 JLINK_ReadReg(R6)  returns 0xFFFFFFFF (0000ms, 1070ms total)
02-00000000-00-00008041-004A: T0CFC 008:043 JLINK_ReadReg(R5)  returns 0xFFFFFFFF (0000ms, 1070ms total)
02-00000000-00-00008041-004A: T0CFC 008:043 JLINK_ReadReg(R4)  returns 0xFFFFFFFF (0000ms, 1070ms total)
02-00000000-00-00008041-004A: T0CFC 008:043 JLINK_ReadReg(R3)  returns 0xFFFFFFFF (0000ms, 1070ms total)
02-00000000-00-00008041-004A: T0CFC 008:043 JLINK_ReadReg(R2)  returns 0xFFFFFFFF (0000ms, 1070ms total)
02-00000000-00-00008041-004A: T0CFC 008:043 JLINK_ReadReg(R1)  returns 0xFFFFFFFF (0000ms, 1070ms total)
02-00000000-00-00008041-004A: T0CFC 008:043 JLINK_ReadReg(R0)  returns 0xFFFFFFFF (0000ms, 1070ms total)
01-000004A8-00-00008041-0322: $5230203d2046464646464646462c205231203d2046464646464646462c205232203d2046464646464646462c205233203d2046464646464646460a5234203d2046464646464646462c205235203d2046464646464646462c205236203d2046464646464646462c205237203d2046464646464646460a5238203d2046464646464646462c205239203d2046464646464646462c205231303d2046464646464646462c205231313d2046464646464646460a5231323d2046464646464646462c205231333d2031384432393531302c204d53503d2031384432393531302c205053503d2046464646464646430a523134284c5229203d2046464646464646462c2052313528504329203d2034383445304443300a585053522046313030303030302c20415053522046303030303030302c20455053522030313030303030302c20495053522030303030303030300a434642502030303030303030302c20434f4e54524f4c2030302c204641554c544d41534b2030302c20424153455052492030302c205052494d41534b2030300D0A#40
03-00000000-00-00008041-018E: R0 = FFFFFFFF, R1 = FFFFFFFF, R2 = FFFFFFFF, R3 = FFFFFFFF
R4 = FFFFFFFF, R5 = FFFFFFFF, R6 = FFFFFFFF, R7 = FFFFFFFF
R8 = FFFFFFFF, R9 = FFFFFFFF, R10= FFFFFFFF, R11= FFFFFFFF
R12= FFFFFFFF, R13= 18D29510, MSP= 18D29510, PSP= FFFFFFFC
R14(LR) = FFFFFFFF, R15(PC) = 484E0DC0
XPSR F1000000, APSR F0000000, EPSR 01000000, IPSR 00000000
CFBP 00000000, CONTROL 00, FAULTMASK 00, BASEPRI 00, PRIMASK 00

00-000004A8-00-00008086-0005: $g#67
03-00000000-00-00008086-0016: Reading all registers

02-00000000-00-00008088-006B: T0CFC 008:090 JLINK_ReadRegs_64(NumRegs = 1, Indexes: 0) -- R0=0xFFFFFFFF  returns 0 (0000ms, 1070ms total)
02-00000000-00-00008088-006B: T0CFC 008:090 JLINK_ReadRegs_64(NumRegs = 1, Indexes: 1) -- R1=0xFFFFFFFF  returns 0 (0000ms, 1070ms total)
02-00000000-00-00008088-006B: T0CFC 008:090 JLINK_ReadRegs_64(NumRegs = 1, Indexes: 2) -- R2=0xFFFFFFFF  returns 0 (0000ms, 1070ms total)
02-00000000-00-00008088-006B: T0CFC 008:090 JLINK_ReadRegs_64(NumRegs = 1, Indexes: 3) -- R3=0xFFFFFFFF  returns 0 (0000ms, 1070ms total)
02-00000000-00-00008088-006B: T0CFC 008:090 JLINK_ReadRegs_64(NumRegs = 1, Indexes: 4) -- R4=0xFFFFFFFF  returns 0 (0000ms, 1070ms total)
02-00000000-00-00008088-006B: T0CFC 008:090 JLINK_ReadRegs_64(NumRegs = 1, Indexes: 5) -- R5=0xFFFFFFFF  returns 0 (0000ms, 1070ms total)
02-00000000-00-00008088-006B: T0CFC 008:090 JLINK_ReadRegs_64(NumRegs = 1, Indexes: 6) -- R6=0xFFFFFFFF  returns 0 (0000ms, 1070ms total)
02-00000000-00-00008088-006B: T0CFC 008:090 JLINK_ReadRegs_64(NumRegs = 1, Indexes: 7) -- R7=0xFFFFFFFF  returns 0 (0000ms, 1070ms total)
02-00000000-00-00008088-006B: T0CFC 008:090 JLINK_ReadRegs_64(NumRegs = 1, Indexes: 8) -- R8=0xFFFFFFFF  returns 0 (0000ms, 1070ms total)
02-00000000-00-00008088-006B: T0CFC 008:090 JLINK_ReadRegs_64(NumRegs = 1, Indexes: 9) -- R9=0xFFFFFFFF  returns 0 (0000ms, 1070ms total)
02-00000000-00-00008088-006D: T0CFC 008:090 JLINK_ReadRegs_64(NumRegs = 1, Indexes: 10) -- R10=0xFFFFFFFF  returns 0 (0000ms, 1070ms total)
02-00000000-00-00008088-006D: T0CFC 008:090 JLINK_ReadRegs_64(NumRegs = 1, Indexes: 11) -- R11=0xFFFFFFFF  returns 0 (0000ms, 1070ms total)
02-00000000-00-00008089-006D: T0CFC 008:091 JLINK_ReadRegs_64(NumRegs = 1, Indexes: 12) -- R12=0xFFFFFFFF  returns 0 (0000ms, 1071ms total)
02-00000000-00-00008089-0072: T0CFC 008:091 JLINK_ReadRegs_64(NumRegs = 1, Indexes: 13) -- R13 (SP)=0x18D29510  returns 0 (0000ms, 1071ms total)
02-00000000-00-00008089-006D: T0CFC 008:091 JLINK_ReadRegs_64(NumRegs = 1, Indexes: 14) -- R14=0xFFFFFFFF  returns 0 (0000ms, 1071ms total)
02-00000000-00-00008089-0072: T0CFC 008:091 JLINK_ReadRegs_64(NumRegs = 1, Indexes: 15) -- R15 (PC)=0x484E0DC0  returns 0 (0000ms, 1071ms total)
02-00000000-00-00008089-006E: T0CFC 008:091 JLINK_ReadRegs_64(NumRegs = 1, Indexes: 16) -- XPSR=0xF1000000  returns 0 (0000ms, 1071ms total)
02-00000000-00-00008089-006D: T0CFC 008:091 JLINK_ReadRegs_64(NumRegs = 1, Indexes: 17) -- MSP=0x18D29510  returns 0 (0000ms, 1071ms total)
02-00000000-00-00008089-006D: T0CFC 008:091 JLINK_ReadRegs_64(NumRegs = 1, Indexes: 18) -- PSP=0xFFFFFFFC  returns 0 (0000ms, 1071ms total)
02-00000000-00-00008089-006B: T0CFC 008:091 JLINK_ReadRegs_64(NumRegs = 1, Indexes: 24) -- PRIMASK=0x00  returns 0 (0000ms, 1071ms total)
02-00000000-00-00008089-004F: T0CFC 008:091 JLINK_ReadReg(BASEPRI)  returns 0x00000000 (0000ms, 1071ms total)
02-00000000-00-00008089-006D: T0CFC 008:091 JLINK_ReadRegs_64(NumRegs = 1, Indexes: 26) -- FAULTMASK=0x00  returns 0 (0000ms, 1071ms total)
02-00000000-00-00008089-004F: T0CFC 008:091 JLINK_ReadReg(CONTROL)  returns 0x00000000 (0000ms, 1071ms total)
01-000004A8-00-00008089-008C: $ffffffffffffffffffffffffffffffffffffffffffffffffffffffffffffffffffffffffffffffffffffffffffffffffffffffff1095d218ffffffffc00d4e48000000f1#51
00-000004A8-00-00008103-000A: $vCont?#49
01-000004A8-00-00008103-0004: $#00
00-000004A8-00-00008103-0007: $Hc0#db
01-000004A8-00-00008103-0006: $OK#9a
00-000004A8-00-00008104-0005: $c#63
03-00000000-00-00008104-0017: Starting target CPU...

02-00000000-00-00008104-0043: T0CFC 008:106 JLINK_IsHalted()  returns TRUE (0000ms, 1071ms total)
02-00000000-00-00008106-00C1: T0CFC 008:106 JLINK_GoEx(MaxEmulInsts = -1, Flags = 0x00) -- CPU_ReadMem(4 bytes @ 0xE0001000) -- CPU_WriteMem(4 bytes @ 0xE0001000) -- CPU_WriteMem(4 bytes @ 0xE0001004) (0002ms, 1073ms total)
03-00000000-00-00008109-003B: WARNING: T-bit of XPSR is 0 but should be 1. Changed to 1.

02-00000000-00-00008109-0074: T0CFC 008:108 JLINK_IsHalted()T-bit of XPSR is 0 but should be 1. Changed to 1.  returns TRUE (0003ms, 1076ms total)
02-00000000-00-00008110-0050: T0CFC 008:112 JLINK_ReadReg(R15 (PC))  returns 0xFFFFFFFE (0000ms, 1073ms total)
02-00000000-00-00008111-00AB: T0CFC 008:112 JLINK_ReadMemU16(0xFFFFFFFE, 0x0001 Items, ...) -- CPU_ReadMem(64 bytes @ 0xFFFFFFC0) -- CPU_ReadMem(2 bytes @ 0xFFFFFFFE)  returns -1 (0001ms, 1074ms total)
02-00000000-00-00008111-006A: T0CFC 008:113 JLINK_GetMOEs(...) -- CPU_ReadMem(4 bytes @ 0xE000ED30)  returns 0x01 (0000ms, 1074ms total)
03-00000000-00-00008111-002A: ...Target halted (DBGRQ, PC = 0xFFFFFFFE)

01-000004A8-00-00008111-0017: $T05thread:0000DEAD;#74
00-000004A8-00-00008133-0005: $g#67
03-00000000-00-00008133-0016: Reading all registers

02-00000000-00-00008133-006B: T0CFC 008:135 JLINK_ReadRegs_64(NumRegs = 1, Indexes: 0) -- R0=0xFFFFFFFF  returns 0 (0000ms, 1074ms total)
02-00000000-00-00008133-006B: T0CFC 008:135 JLINK_ReadRegs_64(NumRegs = 1, Indexes: 1) -- R1=0xFFFFFFFF  returns 0 (0000ms, 1074ms total)
02-00000000-00-00008133-006B: T0CFC 008:135 JLINK_ReadRegs_64(NumRegs = 1, Indexes: 2) -- R2=0xFFFFFFFF  returns 0 (0000ms, 1074ms total)
02-00000000-00-00008133-006B: T0CFC 008:135 JLINK_ReadRegs_64(NumRegs = 1, Indexes: 3) -- R3=0xFFFFFFFF  returns 0 (0000ms, 1074ms total)
02-00000000-00-00008133-006B: T0CFC 008:135 JLINK_ReadRegs_64(NumRegs = 1, Indexes: 4) -- R4=0xFFFFFFFF  returns 0 (0000ms, 1074ms total)
02-00000000-00-00008133-006B: T0CFC 008:135 JLINK_ReadRegs_64(NumRegs = 1, Indexes: 5) -- R5=0xFFFFFFFF  returns 0 (0000ms, 1074ms total)
02-00000000-00-00008133-006B: T0CFC 008:135 JLINK_ReadRegs_64(NumRegs = 1, Indexes: 6) -- R6=0xFFFFFFFF  returns 0 (0000ms, 1074ms total)
02-00000000-00-00008133-006B: T0CFC 008:135 JLINK_ReadRegs_64(NumRegs = 1, Indexes: 7) -- R7=0xFFFFFFFF  returns 0 (0000ms, 1074ms total)
02-00000000-00-00008133-006B: T0CFC 008:135 JLINK_ReadRegs_64(NumRegs = 1, Indexes: 8) -- R8=0xFFFFFFFF  returns 0 (0000ms, 1074ms total)
02-00000000-00-00008133-006B: T0CFC 008:135 JLINK_ReadRegs_64(NumRegs = 1, Indexes: 9) -- R9=0xFFFFFFFF  returns 0 (0000ms, 1074ms total)
02-00000000-00-00008133-006D: T0CFC 008:135 JLINK_ReadRegs_64(NumRegs = 1, Indexes: 10) -- R10=0xFFFFFFFF  returns 0 (0000ms, 1074ms total)
02-00000000-00-00008133-006D: T0CFC 008:135 JLINK_ReadRegs_64(NumRegs = 1, Indexes: 11) -- R11=0xFFFFFFFF  returns 0 (0000ms, 1074ms total)
02-00000000-00-00008133-006D: T0CFC 008:135 JLINK_ReadRegs_64(NumRegs = 1, Indexes: 12) -- R12=0xFFFFFFFF  returns 0 (0000ms, 1074ms total)
02-00000000-00-00008133-0072: T0CFC 008:135 JLINK_ReadRegs_64(NumRegs = 1, Indexes: 13) -- R13 (SP)=0x18D294F0  returns 0 (0000ms, 1074ms total)
02-00000000-00-00008133-006D: T0CFC 008:135 JLINK_ReadRegs_64(NumRegs = 1, Indexes: 14) -- R14=0xFFFFFFF9  returns 0 (0000ms, 1074ms total)
02-00000000-00-00008133-0072: T0CFC 008:135 JLINK_ReadRegs_64(NumRegs = 1, Indexes: 15) -- R15 (PC)=0xFFFFFFFE  returns 0 (0000ms, 1074ms total)
02-00000000-00-00008133-006E: T0CFC 008:135 JLINK_ReadRegs_64(NumRegs = 1, Indexes: 16) -- XPSR=0xF1000003  returns 0 (0000ms, 1074ms total)
02-00000000-00-00008133-006D: T0CFC 008:135 JLINK_ReadRegs_64(NumRegs = 1, Indexes: 17) -- MSP=0x18D294F0  returns 0 (0000ms, 1074ms total)
02-00000000-00-00008133-006D: T0CFC 008:135 JLINK_ReadRegs_64(NumRegs = 1, Indexes: 18) -- PSP=0xFFFFFFFC  returns 0 (0000ms, 1074ms total)
02-00000000-00-00008134-006B: T0CFC 008:136 JLINK_ReadRegs_64(NumRegs = 1, Indexes: 24) -- PRIMASK=0x00  returns 0 (0000ms, 1075ms total)
02-00000000-00-00008134-004F: T0CFC 008:136 JLINK_ReadReg(BASEPRI)  returns 0x00000000 (0000ms, 1075ms total)
02-00000000-00-00008134-006D: T0CFC 008:136 JLINK_ReadRegs_64(NumRegs = 1, Indexes: 26) -- FAULTMASK=0x00  returns 0 (0000ms, 1075ms total)
02-00000000-00-00008134-004F: T0CFC 008:136 JLINK_ReadReg(CONTROL)  returns 0x00000000 (0000ms, 1075ms total)
01-000004A8-00-00008134-008C: $fffffffffffffffffffffffffffffffffffffffffffffffffffffffffffffffffffffffffffffffffffffffffffffffffffffffff094d218f9fffffffeffffff030000f1#5e
00-000004A8-00-00008134-0010: $qfThreadInfo#bb
01-000004A8-00-00008134-000D: $m0000dead#bb
00-000004A8-00-00008134-0010: $qsThreadInfo#c8
01-000004A8-00-00008134-0005: $l#6c
00-000004A8-00-00008136-000F: $mfffffffe,4#fc
02-00000000-00-00008137-00C0: T0CFC 008:138 JLINK_ReadMem (0xFFFFFFFE, 0x0004 Bytes, ...) -- CPU_ReadMem(128 bytes @ 0xFFFFFFC0) -- CPU_ReadMem(4 bytes @ 0xFFFFFFFE) - Data: AA AA AA AA  returns 0x01 (0001ms, 1076ms total)
03-00000000-00-00008137-0034: WARNING: Failed to read memory @ address 0xFFFFFFFE

01-000004A8-00-00008137-0007: $E01#a6
00-000004A8-00-00008139-0010: $qfThreadInfo#bb
01-000004A8-00-00008139-000D: $m0000dead#bb
00-000004A8-00-00008139-0010: $qsThreadInfo#c8
01-000004A8-00-00008139-0005: $l#6c
00-000004A8-00-00008140-0019: $qThreadExtraInfo,dead#13
01-000004A8-00-00008140-0004: $#00
00-000004A8-00-00008140-001E: $qP0000001f000000000000dead#46
01-000004A8-00-00008140-0004: $#00
00-000004A8-00-00008141-000E: $vKill;a410#33
01-000004A8-00-00008141-0004: $#00
00-000004A8-00-00008142-0005: $k#6b
03-00000000-00-00008142-001D: GDB closed TCP/IP connection

